0 info it worked if it ends with ok
1 verbose cli [ '/usr/local/bin/node',
1 verbose cli   '/usr/local/bin/npm',
1 verbose cli   'install',
1 verbose cli   'minification',
1 verbose cli   '--save-dev' ]
2 info using npm@2.15.0
3 info using node@v4.4.2
4 verbose install initial load of /Users/MiTech/Documents/TECH/Blue|1647/package.json
5 warn package.json member-progress-app@1.0.0 No README data
6 verbose installManyTop reading scoped package data from /Users/MiTech/Documents/TECH/Blue|1647/node_modules/express/package.json
7 verbose installManyTop reading scoped package data from /Users/MiTech/Documents/TECH/Blue|1647/node_modules/grunt/package.json
8 verbose installManyTop reading scoped package data from /Users/MiTech/Documents/TECH/Blue|1647/node_modules/sass/package.json
9 verbose installManyTop reading scoped package data from /Users/MiTech/Documents/TECH/Blue|1647/node_modules/uglify/package.json
10 info package.json sass@0.5.0 No repository field.
11 info package.json sass@0.5.0 No license field.
12 info package.json uglify@0.1.5 No license field.
13 verbose readDependencies loading dependencies from /Users/MiTech/Documents/TECH/Blue|1647/package.json
14 silly cache add args [ 'minification', null ]
15 verbose cache add spec minification
16 silly cache add parsed spec Result {
16 silly cache add   raw: 'minification',
16 silly cache add   scope: null,
16 silly cache add   name: 'minification',
16 silly cache add   rawSpec: '',
16 silly cache add   spec: 'latest',
16 silly cache add   type: 'tag' }
17 silly addNamed minification@latest
18 verbose addNamed "latest" is being treated as a dist-tag for minification
19 info addNameTag [ 'minification', 'latest' ]
20 silly mapToRegistry name minification
21 silly mapToRegistry using default registry
22 silly mapToRegistry registry https://registry.npmjs.org/
23 silly mapToRegistry data Result {
23 silly mapToRegistry   raw: 'minification',
23 silly mapToRegistry   scope: null,
23 silly mapToRegistry   name: 'minification',
23 silly mapToRegistry   rawSpec: '',
23 silly mapToRegistry   spec: 'latest',
23 silly mapToRegistry   type: 'tag' }
24 silly mapToRegistry uri https://registry.npmjs.org/minification
25 verbose addNameTag registry:https://registry.npmjs.org/minification not in flight; fetching
26 verbose request uri https://registry.npmjs.org/minification
27 verbose request no auth needed
28 info attempt registry request try #1 at 6:13:51 PM
29 verbose request id ce3c5687f4167dd1
30 http request GET https://registry.npmjs.org/minification
31 http 404 https://registry.npmjs.org/minification
32 verbose headers { 'content-type': 'application/json',
32 verbose headers   'cache-control': 'max-age=0',
32 verbose headers   'content-length': '2',
32 verbose headers   'accept-ranges': 'bytes',
32 verbose headers   date: 'Wed, 06 Apr 2016 23:13:51 GMT',
32 verbose headers   via: '1.1 varnish',
32 verbose headers   age: '0',
32 verbose headers   connection: 'keep-alive',
32 verbose headers   'x-served-by': 'cache-ord1729-ORD',
32 verbose headers   'x-cache': 'MISS',
32 verbose headers   'x-cache-hits': '0',
32 verbose headers   'x-timer': 'S1459984431.592830,VS0,VE148',
32 verbose headers   vary: 'Accept-Encoding' }
33 silly get cb [ 404,
33 silly get   { 'content-type': 'application/json',
33 silly get     'cache-control': 'max-age=0',
33 silly get     'content-length': '2',
33 silly get     'accept-ranges': 'bytes',
33 silly get     date: 'Wed, 06 Apr 2016 23:13:51 GMT',
33 silly get     via: '1.1 varnish',
33 silly get     age: '0',
33 silly get     connection: 'keep-alive',
33 silly get     'x-served-by': 'cache-ord1729-ORD',
33 silly get     'x-cache': 'MISS',
33 silly get     'x-cache-hits': '0',
33 silly get     'x-timer': 'S1459984431.592830,VS0,VE148',
33 silly get     vary: 'Accept-Encoding' } ]
34 verbose stack Error: Registry returned 404 for GET on https://registry.npmjs.org/minification
34 verbose stack     at makeError (/usr/local/lib/node_modules/npm/node_modules/npm-registry-client/lib/request.js:264:12)
34 verbose stack     at CachingRegistryClient.<anonymous> (/usr/local/lib/node_modules/npm/node_modules/npm-registry-client/lib/request.js:242:14)
34 verbose stack     at Request._callback (/usr/local/lib/node_modules/npm/node_modules/npm-registry-client/lib/request.js:172:14)
34 verbose stack     at Request.self.callback (/usr/local/lib/node_modules/npm/node_modules/request/request.js:199:22)
34 verbose stack     at emitTwo (events.js:87:13)
34 verbose stack     at Request.emit (events.js:172:7)
34 verbose stack     at Request.<anonymous> (/usr/local/lib/node_modules/npm/node_modules/request/request.js:1036:10)
34 verbose stack     at emitOne (events.js:82:20)
34 verbose stack     at Request.emit (events.js:169:7)
34 verbose stack     at IncomingMessage.<anonymous> (/usr/local/lib/node_modules/npm/node_modules/request/request.js:963:12)
35 verbose statusCode 404
36 verbose pkgid minification
37 verbose cwd /Users/MiTech/Documents/TECH/Blue|1647
38 error Darwin 15.4.0
39 error argv "/usr/local/bin/node" "/usr/local/bin/npm" "install" "minification" "--save-dev"
40 error node v4.4.2
41 error npm  v2.15.0
42 error code E404
43 error 404 Registry returned 404 for GET on https://registry.npmjs.org/minification
43 error 404
43 error 404 'minification' is not in the npm registry.
43 error 404 You should bug the author to publish it (or use the name yourself!)
43 error 404 It was specified as a dependency of 'member-progress-app'
43 error 404
43 error 404 Note that you can also install from a
43 error 404 tarball, folder, http url, or git url.
44 verbose exit [ 1, true ]
